<?xml version="1.0" encoding="UTF-8"?>
<Site BuildName="(empty)"
	BuildStamp="20230508-2236-Experimental"
	Name="(empty)"
	Generator="ctest-3.26.1"
	CompilerName=""
	CompilerVersion=""
	OSName="Linux"
	Hostname="codespaces-9bbbcb"
	OSRelease="5.4.0-1106-azure"
	OSVersion="#112~18.04.1-Ubuntu SMP Wed Mar 29 20:36:22 UTC 2023"
	OSPlatform="x86_64"
	Is64Bits="1"
	VendorString="GenuineIntel"
	VendorID="Intel Corporation"
	FamilyID="6"
	ModelID="106"
	ProcessorCacheSize="49152"
	NumberOfLogicalCPU="2"
	NumberOfPhysicalCPU="1"
	TotalVirtualMemory="0"
	TotalPhysicalMemory="3932"
	LogicalProcessorsPerPhysical="2"
	ProcessorClockFrequency="2793.44"
	>
	<Testing>
		<StartDateTime>May 08 22:36 UTC</StartDateTime>
		<StartTestTime>1683585413</StartTestTime>
		<TestList/>
		<EndDateTime>May 08 22:36 UTC</EndDateTime>
		<EndTestTime>1683585413</EndTestTime>
		<ElapsedMinutes>0</ElapsedMinutes>
	</Testing>
</Site>
